<?xml version="1.0" encoding="UTF-8"?>
<testng-results ignored="0" total="1" passed="1" failed="0" skipped="0">
  <reporter-output>
  </reporter-output>
  <suite started-at="2023-11-08T13:24:39 IST" name="Default suite" finished-at="2023-11-08T13:24:58 IST" duration-ms="18960">
    <groups>
    </groups>
    <test started-at="2023-11-08T13:24:39 IST" name="Default test" finished-at="2023-11-08T13:24:58 IST" duration-ms="18960">
      <class name="Assignment.Login">
        <test-method signature="login_Functionality()[pri:0, instance:Assignment.Login@5a45133e]" started-at="2023-11-08T13:24:39 IST" name="login_Functionality" finished-at="2023-11-08T13:24:58 IST" duration-ms="18813" status="PASS">
          <reporter-output>
          </reporter-output>
        </test-method> <!-- login_Functionality -->
      </class> <!-- Assignment.Login -->
    </test> <!-- Default test -->
  </suite> <!-- Default suite -->
</testng-results>
